# JRE version: Java(TM) SE Runtime Environment (7.0_79-b15) (build 1.7.0_79-b15)
# Java VM: Java HotSpot(TM) 64-Bit Server VM (24.79-b02 mixed mode windows-amd64 compressed oops)
Heap
 PSYoungGen      total 316928K, used 216024K [0x00000000eaa80000, 0x0000000100000000, 0x0000000100000000)
  eden space 283648K, 76% used [0x00000000eaa80000,0x00000000f7d761c8,0x00000000fbf80000)
  from space 33280K, 0% used [0x00000000fdf80000,0x00000000fdf80000,0x0000000100000000)
  to   space 32768K, 0% used [0x00000000fbf80000,0x00000000fbf80000,0x00000000fdf80000)
 ParOldGen       total 146432K, used 94599K [0x00000000c0000000, 0x00000000c8f00000, 0x00000000eaa80000)
  object space 146432K, 64% used [0x00000000c0000000,0x00000000c5c61f10,0x00000000c8f00000)
 PSPermGen       total 102912K, used 58976K [0x00000000b0000000, 0x00000000b6480000, 0x00000000c0000000)
  object space 102912K, 57% used [0x00000000b0000000,0x00000000b3998308,0x00000000b6480000)
GC Heap History (10 events):
Event: 241.828 GC heap before
{Heap before GC invocations=19 (full 3):
 PSYoungGen      total 280576K, used 280064K [0x00000000eaa80000, 0x0000000100000000, 0x0000000100000000)
  eden space 280064K, 100% used [0x00000000eaa80000,0x00000000fbc00000,0x00000000fbc00000)
  from space 512K, 0% used [0x00000000fbc00000,0x00000000fbc00000,0x00000000fbc80000)
  to   space 35328K, 0% used [0x00000000fdd80000,0x00000000fdd80000,0x0000000100000000)
 ParOldGen       total 146432K, used 90433K [0x00000000c0000000, 0x00000000c8f00000, 0x00000000eaa80000)
  object space 146432K, 61% used [0x00000000c0000000,0x00000000c58506d8,0x00000000c8f00000)
 PSPermGen       total 103936K, used 58406K [0x00000000b0000000, 0x00000000b6580000, 0x00000000c0000000)
  object space 103936K, 56% used [0x00000000b0000000,0x00000000b39099c8,0x00000000b6580000)
Event: 241.841 GC heap after
Heap after GC invocations=19 (full 3):
 PSYoungGen      total 315392K, used 7784K [0x00000000eaa80000, 0x0000000100000000, 0x0000000100000000)
  eden space 280064K, 0% used [0x00000000eaa80000,0x00000000eaa80000,0x00000000fbc00000)
  from space 35328K, 22% used [0x00000000fdd80000,0x00000000fe51a3f8,0x0000000100000000)
  to   space 34304K, 0% used [0x00000000fbc00000,0x00000000fbc00000,0x00000000fdd80000)
 ParOldGen       total 146432K, used 90441K [0x00000000c0000000, 0x00000000c8f00000, 0x00000000eaa80000)
  object space 146432K, 61% used [0x00000000c0000000,0x00000000c58526d8,0x00000000c8f00000)
 PSPermGen       total 103936K, used 58406K [0x00000000b0000000, 0x00000000b6580000, 0x00000000c0000000)
  object space 103936K, 56% used [0x00000000b0000000,0x00000000b39099c8,0x00000000b6580000)
}
Event: 309.625 GC heap before
{Heap before GC invocations=20 (full 3):
 PSYoungGen      total 315392K, used 143331K [0x00000000eaa80000, 0x0000000100000000, 0x0000000100000000)
  eden space 280064K, 48% used [0x00000000eaa80000,0x00000000f2edeab8,0x00000000fbc00000)
  from space 35328K, 22% used [0x00000000fdd80000,0x00000000fe51a3f8,0x0000000100000000)
  to   space 34304K, 0% used [0x00000000fbc00000,0x00000000fbc00000,0x00000000fdd80000)
 ParOldGen       total 146432K, used 90441K [0x00000000c0000000, 0x00000000c8f00000, 0x00000000eaa80000)
  object space 146432K, 61% used [0x00000000c0000000,0x00000000c58526d8,0x00000000c8f00000)
 PSPermGen       total 103936K, used 58617K [0x00000000b0000000, 0x00000000b6580000, 0x00000000c0000000)
  object space 103936K, 56% used [0x00000000b0000000,0x00000000b393e5b8,0x00000000b6580000)
Event: 309.636 GC heap after
Heap after GC invocations=20 (full 3):
 PSYoungGen      total 314368K, used 3824K [0x00000000eaa80000, 0x0000000100000000, 0x0000000100000000)
  eden space 280064K, 0% used [0x00000000eaa80000,0x00000000eaa80000,0x00000000fbc00000)
  from space 34304K, 11% used [0x00000000fbc00000,0x00000000fbfbc030,0x00000000fdd80000)
  to   space 33280K, 0% used [0x00000000fdf80000,0x00000000fdf80000,0x0000000100000000)
 ParOldGen       total 146432K, used 93766K [0x00000000c0000000, 0x00000000c8f00000, 0x00000000eaa80000)
  object space 146432K, 64% used [0x00000000c0000000,0x00000000c5b91bb0,0x00000000c8f00000)
 PSPermGen       total 103936K, used 58617K [0x00000000b0000000, 0x00000000b6580000, 0x00000000c0000000)
  object space 103936K, 56% used [0x00000000b0000000,0x00000000b393e5b8,0x00000000b6580000)
}
Event: 309.636 GC heap before
{Heap before GC invocations=21 (full 4):
 PSYoungGen      total 314368K, used 3824K [0x00000000eaa80000, 0x0000000100000000, 0x0000000100000000)
  eden space 280064K, 0% used [0x00000000eaa80000,0x00000000eaa80000,0x00000000fbc00000)
  from space 34304K, 11% used [0x00000000fbc00000,0x00000000fbfbc030,0x00000000fdd80000)
  to   space 33280K, 0% used [0x00000000fdf80000,0x00000000fdf80000,0x0000000100000000)
 ParOldGen       total 146432K, used 93766K [0x00000000c0000000, 0x00000000c8f00000, 0x00000000eaa80000)
  object space 146432K, 64% used [0x00000000c0000000,0x00000000c5b91bb0,0x00000000c8f00000)
 PSPermGen       total 103936K, used 58617K [0x00000000b0000000, 0x00000000b6580000, 0x00000000c0000000)
  object space 103936K, 56% used [0x00000000b0000000,0x00000000b393e5b8,0x00000000b6580000)
Event: 310.930 GC heap after
Heap after GC invocations=21 (full 4):
 PSYoungGen      total 314368K, used 0K [0x00000000eaa80000, 0x0000000100000000, 0x0000000100000000)
  eden space 280064K, 0% used [0x00000000eaa80000,0x00000000eaa80000,0x00000000fbc00000)
  from space 34304K, 0% used [0x00000000fbc00000,0x00000000fbc00000,0x00000000fdd80000)
  to   space 33280K, 0% used [0x00000000fdf80000,0x00000000fdf80000,0x0000000100000000)
 ParOldGen       total 146432K, used 94612K [0x00000000c0000000, 0x00000000c8f00000, 0x00000000eaa80000)
  object space 146432K, 64% used [0x00000000c0000000,0x00000000c5c65348,0x00000000c8f00000)
 PSPermGen       total 104960K, used 58609K [0x00000000b0000000, 0x00000000b6680000, 0x00000000c0000000)
  object space 104960K, 55% used [0x00000000b0000000,0x00000000b393c4c0,0x00000000b6680000)
}
Event: 552.193 GC heap before
{Heap before GC invocations=22 (full 4):
 PSYoungGen      total 314368K, used 102203K [0x00000000eaa80000, 0x0000000100000000, 0x0000000100000000)
  eden space 280064K, 36% used [0x00000000eaa80000,0x00000000f0e4ee28,0x00000000fbc00000)
  from space 34304K, 0% used [0x00000000fbc00000,0x00000000fbc00000,0x00000000fdd80000)
  to   space 33280K, 0% used [0x00000000fdf80000,0x00000000fdf80000,0x0000000100000000)
 ParOldGen       total 146432K, used 94612K [0x00000000c0000000, 0x00000000c8f00000, 0x00000000eaa80000)
  object space 146432K, 64% used [0x00000000c0000000,0x00000000c5c65348,0x00000000c8f00000)
 PSPermGen       total 104960K, used 58691K [0x00000000b0000000, 0x00000000b6680000, 0x00000000c0000000)
  object space 104960K, 55% used [0x00000000b0000000,0x00000000b3950de8,0x00000000b6680000)
Event: 552.208 GC heap after
Heap after GC invocations=22 (full 4):
 PSYoungGen      total 316928K, used 3552K [0x00000000eaa80000, 0x0000000100000000, 0x0000000100000000)
  eden space 283648K, 0% used [0x00000000eaa80000,0x00000000eaa80000,0x00000000fbf80000)
  from space 33280K, 10% used [0x00000000fdf80000,0x00000000fe2f8020,0x0000000100000000)
  to   space 32768K, 0% used [0x00000000fbf80000,0x00000000fbf80000,0x00000000fdf80000)
 ParOldGen       total 146432K, used 94612K [0x00000000c0000000, 0x00000000c8f00000, 0x00000000eaa80000)
  object space 146432K, 64% used [0x00000000c0000000,0x00000000c5c65348,0x00000000c8f00000)
 PSPermGen       total 104960K, used 58691K [0x00000000b0000000, 0x00000000b6680000, 0x00000000c0000000)
  object space 104960K, 55% used [0x00000000b0000000,0x00000000b3950de8,0x00000000b6680000)
}
Event: 552.208 GC heap before
{Heap before GC invocations=23 (full 5):
 PSYoungGen      total 316928K, used 3552K [0x00000000eaa80000, 0x0000000100000000, 0x0000000100000000)
  eden space 283648K, 0% used [0x00000000eaa80000,0x00000000eaa80000,0x00000000fbf80000)
  from space 33280K, 10% used [0x00000000fdf80000,0x00000000fe2f8020,0x0000000100000000)
  to   space 32768K, 0% used [0x00000000fbf80000,0x00000000fbf80000,0x00000000fdf80000)
 ParOldGen       total 146432K, used 94612K [0x00000000c0000000, 0x00000000c8f00000, 0x00000000eaa80000)
  object space 146432K, 64% used [0x00000000c0000000,0x00000000c5c65348,0x00000000c8f00000)
 PSPermGen       total 104960K, used 58691K [0x00000000b0000000, 0x00000000b6680000, 0x00000000c0000000)
  object space 104960K, 55% used [0x00000000b0000000,0x00000000b3950de8,0x00000000b6680000)
Event: 552.762 GC heap after
Heap after GC invocations=23 (full 5):
 PSYoungGen      total 316928K, used 0K [0x00000000eaa80000, 0x0000000100000000, 0x0000000100000000)
  eden space 283648K, 0% used [0x00000000eaa80000,0x00000000eaa80000,0x00000000fbf80000)
  from space 33280K, 0% used [0x00000000fdf80000,0x00000000fdf80000,0x0000000100000000)
  to   space 32768K, 0% used [0x00000000fbf80000,0x00000000fbf80000,0x00000000fdf80000)
 ParOldGen       total 146432K, used 94599K [0x00000000c0000000, 0x00000000c8f00000, 0x00000000eaa80000)
  object space 146432K, 64% used [0x00000000c0000000,0x00000000c5c61f10,0x00000000c8f00000)
 PSPermGen       total 102912K, used 58691K [0x00000000b0000000, 0x00000000b6480000, 0x00000000c0000000)
  object space 102912K, 57% used [0x00000000b0000000,0x00000000b3950c88,0x00000000b6480000)
}

